# JRE version: OpenJDK Runtime Environment (8.0_45-b14) (build 1.8.0_45-internal-b14)
# Java VM: OpenJDK Server VM (25.45-b02 mixed mode linux-x86 )
Heap:
 def new generation   total 2560K, used 0K [0x68600000, 0x688c0000, 0x7d350000)
  eden space 2304K,   0% used [0x68600000, 0x68600000, 0x68840000)
  from space 256K,   0% used [0x68880000, 0x68880000, 0x688c0000)
  to   space 256K,   0% used [0x68840000, 0x68840000, 0x68880000)
 tenured generation   total 102788K, used 101305K [0x7d350000, 0x837b1000, 0xa6e00000)
   the space 102788K,  98% used [0x7d350000, 0x8363e788, 0x8363e800, 0x837b1000)
 Metaspace       used 6291K, capacity 6473K, committed 6552K, reserved 7472K
GC Heap History (10 events):
Event: 3.456 GC heap after
Heap after GC invocations=10 (full 0):
 def new generation   total 2432K, used 226K [0x68600000, 0x688a0000, 0x7d350000)
  eden space 2176K,   0% used [0x68600000, 0x68600000, 0x68820000)
  from space 256K,  88% used [0x68820000, 0x688589c8, 0x68860000)
  to   space 256K,   0% used [0x68860000, 0x68860000, 0x688a0000)
 tenured generation   total 5504K, used 2451K [0x7d350000, 0x7d8b0000, 0xa6e00000)
   the space 5504K,  44% used [0x7d350000, 0x7d5b4e38, 0x7d5b5000, 0x7d8b0000)
 Metaspace       used 5399K, capacity 5577K, committed 5656K, reserved 6448K
}
Event: 3.627 GC heap before
{Heap before GC invocations=10 (full 0):
 def new generation   total 2432K, used 2354K [0x68600000, 0x688a0000, 0x7d350000)
  eden space 2176K,  97% used [0x68600000, 0x688141c0, 0x68820000)
  from space 256K,  88% used [0x68820000, 0x688589c8, 0x68860000)
  to   space 256K,   0% used [0x68860000, 0x68860000, 0x688a0000)
 tenured generation   total 5504K, used 2451K [0x7d350000, 0x7d8b0000, 0xa6e00000)
   the space 5504K,  44% used [0x7d350000, 0x7d5b4e38, 0x7d5b5000, 0x7d8b0000)
 Metaspace       used 5874K, capacity 6025K, committed 6040K, reserved 6448K
Event: 3.630 GC heap after
Heap after GC invocations=11 (full 0):
 def new generation   total 2432K, used 256K [0x68600000, 0x688a0000, 0x7d350000)
  eden space 2176K,   0% used [0x68600000, 0x68600000, 0x68820000)
  from space 256K, 100% used [0x68860000, 0x688a0000, 0x688a0000)
  to   space 256K,   0% used [0x68820000, 0x68820000, 0x68860000)
 tenured generation   total 5504K, used 2620K [0x7d350000, 0x7d8b0000, 0xa6e00000)
   the space 5504K,  47% used [0x7d350000, 0x7d5df1f8, 0x7d5df200, 0x7d8b0000)
 Metaspace       used 5874K, capacity 6025K, committed 6040K, reserved 6448K
}
Event: 3.762 GC heap before
{Heap before GC invocations=11 (full 0):
 def new generation   total 2432K, used 2432K [0x68600000, 0x688a0000, 0x7d350000)
  eden space 2176K, 100% used [0x68600000, 0x68820000, 0x68820000)
  from space 256K, 100% used [0x68860000, 0x688a0000, 0x688a0000)
  to   space 256K,   0% used [0x68820000, 0x68820000, 0x68860000)
 tenured generation   total 5504K, used 2620K [0x7d350000, 0x7d8b0000, 0xa6e00000)
   the space 5504K,  47% used [0x7d350000, 0x7d5df1f8, 0x7d5df200, 0x7d8b0000)
 Metaspace       used 6066K, capacity 6217K, committed 6296K, reserved 6448K
Event: 3.765 GC heap after
Heap after GC invocations=12 (full 0):
 def new generation   total 2432K, used 256K [0x68600000, 0x688a0000, 0x7d350000)
  eden space 2176K,   0% used [0x68600000, 0x68600000, 0x68820000)
  from space 256K, 100% used [0x68820000, 0x68860000, 0x68860000)
  to   space 256K,   0% used [0x68860000, 0x68860000, 0x688a0000)
 tenured generation   total 5504K, used 3104K [0x7d350000, 0x7d8b0000, 0xa6e00000)
   the space 5504K,  56% used [0x7d350000, 0x7d6582f8, 0x7d658400, 0x7d8b0000)
 Metaspace       used 6066K, capacity 6217K, committed 6296K, reserved 6448K
}
Event: 3.913 GC heap before
{Heap before GC invocations=12 (full 0):
 def new generation   total 2432K, used 2432K [0x68600000, 0x688a0000, 0x7d350000)
  eden space 2176K, 100% used [0x68600000, 0x68820000, 0x68820000)
  from space 256K, 100% used [0x68820000, 0x68860000, 0x68860000)
  to   space 256K,   0% used [0x68860000, 0x68860000, 0x688a0000)
 tenured generation   total 5504K, used 3104K [0x7d350000, 0x7d8b0000, 0xa6e00000)
   the space 5504K,  56% used [0x7d350000, 0x7d6582f8, 0x7d658400, 0x7d8b0000)
 Metaspace       used 6184K, capacity 6377K, committed 6424K, reserved 6448K
Event: 3.914 GC heap after
Heap after GC invocations=13 (full 0):
 def new generation   total 2432K, used 252K [0x68600000, 0x688a0000, 0x7d350000)
  eden space 2176K,   0% used [0x68600000, 0x68600000, 0x68820000)
  from space 256K,  98% used [0x68860000, 0x6889f2a0, 0x688a0000)
  to   space 256K,   0% used [0x68820000, 0x68820000, 0x68860000)
 tenured generation   total 5504K, used 3359K [0x7d350000, 0x7d8b0000, 0xa6e00000)
   the space 5504K,  61% used [0x7d350000, 0x7d697e38, 0x7d698000, 0x7d8b0000)
 Metaspace       used 6184K, capacity 6377K, committed 6424K, reserved 6448K
}
Event: 3.999 GC heap before
{Heap before GC invocations=13 (full 0):
 def new generation   total 2432K, used 1186K [0x68600000, 0x688a0000, 0x7d350000)
  eden space 2176K,  42% used [0x68600000, 0x686e9918, 0x68820000)
  from space 256K,  98% used [0x68860000, 0x6889f2a0, 0x688a0000)
  to   space 256K,   0% used [0x68820000, 0x68820000, 0x68860000)
 tenured generation   total 5504K, used 3359K [0x7d350000, 0x7d8b0000, 0xa6e00000)
   the space 5504K,  61% used [0x7d350000, 0x7d697e38, 0x7d698000, 0x7d8b0000)
 Metaspace       used 6291K, capacity 6473K, committed 6552K, reserved 7472K
Event: 4.022 GC heap after
Heap after GC invocations=14 (full 1):
 def new generation   total 2560K, used 0K [0x68600000, 0x688c0000, 0x7d350000)
  eden space 2304K,   0% used [0x68600000, 0x68600000, 0x68840000)
  from space 256K,   0% used [0x68840000, 0x68840000, 0x68880000)
  to   space 256K,   0% used [0x68880000, 0x68880000, 0x688c0000)
 tenured generation   total 5504K, used 2745K [0x7d350000, 0x7d8b0000, 0xa6e00000)
   the space 5504K,  49% used [0x7d350000, 0x7d5fe768, 0x7d5fe800, 0x7d8b0000)
 Metaspace       used 6291K, capacity 6473K, committed 6552K, reserved 7472K
}
Event: 4.293 GC heap before
{Heap before GC invocations=14 (full 1):
 def new generation   total 2560K, used 1323K [0x68600000, 0x688c0000, 0x7d350000)
  eden space 2304K,  57% used [0x68600000, 0x6874af10, 0x68840000)
  from space 256K,   0% used [0x68840000, 0x68840000, 0x68880000)
  to   space 256K,   0% used [0x68880000, 0x68880000, 0x688c0000)
 tenured generation   total 102788K, used 100025K [0x7d350000, 0x837b1000, 0xa6e00000)
   the space 102788K,  97% used [0x7d350000, 0x834fe778, 0x834fe800, 0x837b1000)
 Metaspace       used 6291K, capacity 6473K, committed 6552K, reserved 7472K

